<?xml version="1.0" encoding="utf-8"?>
<TestRun id="0c21c9bf-98eb-4059-ac35-035b86885af4" name="001@DESKTOP-AF1NJON 2025-07-18 17:45:01" runUser="DESKTOP-AF1NJON\001" xmlns="http://microsoft.com/schemas/VisualStudio/TeamTest/2010">
  <Times creation="2025-07-18T17:45:01.1367079+03:00" queuing="2025-07-18T17:45:01.1367082+03:00" start="2025-07-18T17:44:51.0869636+03:00" finish="2025-07-18T17:45:35.9019744+03:00" />
  <TestSettings name="default" id="e339b4d6-77a5-431b-8d11-ceec882860a9">
    <Deployment runDeploymentRoot="001_DESKTOP-AF1NJON_2025-07-18_17_45_01" />
  </TestSettings>
  <Results>
    <UnitTestResult executionId="db6a825f-14d9-48bf-b229-412b415bf2cd" testId="9254745b-8796-e90c-e6c0-dcd5325222c5" testName="FillForm_WithMultipleHobbies_ShouldListAllHobbies" computerName="DESKTOP-AF1NJON" duration="00:00:09.4389090" startTime="2025-07-18T17:45:01.0763688+03:00" endTime="2025-07-18T17:45:10.5152770+03:00" testType="13cdc9d9-ddb5-4fa4-a97d-d965ccfc6d4b" outcome="Passed" testListId="8c84fa94-04c1-424b-9868-57a2d4851a1d" relativeResultsDirectory="db6a825f-14d9-48bf-b229-412b415bf2cd" />
    <UnitTestResult executionId="0213afe5-847e-48f4-b102-f7eee072a0ec" testId="f383e71b-1e23-a030-a12d-e6fb96588311" testName="FillForm_WithMultipleSubjects_ShouldListAllSubjects" computerName="DESKTOP-AF1NJON" duration="00:00:08.9648679" startTime="2025-07-18T17:45:10.5153399+03:00" endTime="2025-07-18T17:45:19.4802078+03:00" testType="13cdc9d9-ddb5-4fa4-a97d-d965ccfc6d4b" outcome="Passed" testListId="8c84fa94-04c1-424b-9868-57a2d4851a1d" relativeResultsDirectory="0213afe5-847e-48f4-b102-f7eee072a0ec" />
    <UnitTestResult executionId="f0bd81c7-d559-411c-a805-654f3344acc4" testId="310c1bd5-4d3b-97e0-bfa0-bdd50cfe1566" testName="FillForm_WithValidData_ShouldShowCorrectSubmission" computerName="DESKTOP-AF1NJON" duration="00:00:09.0551220" startTime="2025-07-18T17:45:26.7717997+03:00" endTime="2025-07-18T17:45:35.8269211+03:00" testType="13cdc9d9-ddb5-4fa4-a97d-d965ccfc6d4b" outcome="Passed" testListId="8c84fa94-04c1-424b-9868-57a2d4851a1d" relativeResultsDirectory="f0bd81c7-d559-411c-a805-654f3344acc4" />
    <UnitTestResult executionId="211701aa-a62a-46e9-95e0-eee55963ff22" testId="2d219d13-69cb-a0a5-f641-f36e6e6ababb" testName="DatePicker_ShouldDisplaySelectedDateInInput" computerName="DESKTOP-AF1NJON" duration="00:00:09.0614630" startTime="2025-07-18T17:44:52.0127859+03:00" endTime="2025-07-18T17:45:01.0741649+03:00" testType="13cdc9d9-ddb5-4fa4-a97d-d965ccfc6d4b" outcome="Passed" testListId="8c84fa94-04c1-424b-9868-57a2d4851a1d" relativeResultsDirectory="211701aa-a62a-46e9-95e0-eee55963ff22" />
    <UnitTestResult executionId="f6d2c445-a743-494a-b965-260d3c793cea" testId="17be2c6a-0a1a-b68e-a2fc-ab1ae034788a" testName="Submit_WithInvalidEmail_ShouldShowValidationMessage" computerName="DESKTOP-AF1NJON" duration="00:00:07.2886600" startTime="2025-07-18T17:45:19.4802423+03:00" endTime="2025-07-18T17:45:26.7689019+03:00" testType="13cdc9d9-ddb5-4fa4-a97d-d965ccfc6d4b" outcome="Passed" testListId="8c84fa94-04c1-424b-9868-57a2d4851a1d" relativeResultsDirectory="f6d2c445-a743-494a-b965-260d3c793cea" />
  </Results>
  <TestDefinitions>
    <UnitTest name="FillForm_WithValidData_ShouldShowCorrectSubmission" storage="c:\users\001\source\repos\demoqa\demoqa\bin\debug\net8.0\demoqa.dll" id="310c1bd5-4d3b-97e0-bfa0-bdd50cfe1566">
      <Execution id="f0bd81c7-d559-411c-a805-654f3344acc4" />
      <TestMethod codeBase="C:\Users\001\source\repos\DemoQA\DemoQA\bin\Debug\net8.0\DemoQA.dll" adapterTypeName="executor://nunit3testexecutor/" className="DemoQA.Tests.PracticeFormTests" name="FillForm_WithValidData_ShouldShowCorrectSubmission" />
    </UnitTest>
    <UnitTest name="FillForm_WithMultipleSubjects_ShouldListAllSubjects" storage="c:\users\001\source\repos\demoqa\demoqa\bin\debug\net8.0\demoqa.dll" id="f383e71b-1e23-a030-a12d-e6fb96588311">
      <Execution id="0213afe5-847e-48f4-b102-f7eee072a0ec" />
      <TestMethod codeBase="C:\Users\001\source\repos\DemoQA\DemoQA\bin\Debug\net8.0\DemoQA.dll" adapterTypeName="executor://nunit3testexecutor/" className="DemoQA.Tests.PracticeFormAdditionalTests" name="FillForm_WithMultipleSubjects_ShouldListAllSubjects" />
    </UnitTest>
    <UnitTest name="FillForm_WithMultipleHobbies_ShouldListAllHobbies" storage="c:\users\001\source\repos\demoqa\demoqa\bin\debug\net8.0\demoqa.dll" id="9254745b-8796-e90c-e6c0-dcd5325222c5">
      <Execution id="db6a825f-14d9-48bf-b229-412b415bf2cd" />
      <TestMethod codeBase="C:\Users\001\source\repos\DemoQA\DemoQA\bin\Debug\net8.0\DemoQA.dll" adapterTypeName="executor://nunit3testexecutor/" className="DemoQA.Tests.PracticeFormAdditionalTests" name="FillForm_WithMultipleHobbies_ShouldListAllHobbies" />
    </UnitTest>
    <UnitTest name="DatePicker_ShouldDisplaySelectedDateInInput" storage="c:\users\001\source\repos\demoqa\demoqa\bin\debug\net8.0\demoqa.dll" id="2d219d13-69cb-a0a5-f641-f36e6e6ababb">
      <Execution id="211701aa-a62a-46e9-95e0-eee55963ff22" />
      <TestMethod codeBase="C:\Users\001\source\repos\DemoQA\DemoQA\bin\Debug\net8.0\DemoQA.dll" adapterTypeName="executor://nunit3testexecutor/" className="DemoQA.Tests.PracticeFormAdditionalTests" name="DatePicker_ShouldDisplaySelectedDateInInput" />
    </UnitTest>
    <UnitTest name="Submit_WithInvalidEmail_ShouldShowValidationMessage" storage="c:\users\001\source\repos\demoqa\demoqa\bin\debug\net8.0\demoqa.dll" id="17be2c6a-0a1a-b68e-a2fc-ab1ae034788a">
      <Execution id="f6d2c445-a743-494a-b965-260d3c793cea" />
      <TestMethod codeBase="C:\Users\001\source\repos\DemoQA\DemoQA\bin\Debug\net8.0\DemoQA.dll" adapterTypeName="executor://nunit3testexecutor/" className="DemoQA.Tests.PracticeFormAdditionalTests" name="Submit_WithInvalidEmail_ShouldShowValidationMessage" />
    </UnitTest>
  </TestDefinitions>
  <TestEntries>
    <TestEntry testId="9254745b-8796-e90c-e6c0-dcd5325222c5" executionId="db6a825f-14d9-48bf-b229-412b415bf2cd" testListId="8c84fa94-04c1-424b-9868-57a2d4851a1d" />
    <TestEntry testId="f383e71b-1e23-a030-a12d-e6fb96588311" executionId="0213afe5-847e-48f4-b102-f7eee072a0ec" testListId="8c84fa94-04c1-424b-9868-57a2d4851a1d" />
    <TestEntry testId="310c1bd5-4d3b-97e0-bfa0-bdd50cfe1566" executionId="f0bd81c7-d559-411c-a805-654f3344acc4" testListId="8c84fa94-04c1-424b-9868-57a2d4851a1d" />
    <TestEntry testId="2d219d13-69cb-a0a5-f641-f36e6e6ababb" executionId="211701aa-a62a-46e9-95e0-eee55963ff22" testListId="8c84fa94-04c1-424b-9868-57a2d4851a1d" />
    <TestEntry testId="17be2c6a-0a1a-b68e-a2fc-ab1ae034788a" executionId="f6d2c445-a743-494a-b965-260d3c793cea" testListId="8c84fa94-04c1-424b-9868-57a2d4851a1d" />
  </TestEntries>
  <TestLists>
    <TestList name="Список результатов" id="8c84fa94-04c1-424b-9868-57a2d4851a1d" />
    <TestList name="Все загруженные результаты" id="19431567-8539-422a-85d7-44ee4e166bda" />
  </TestLists>
  <ResultSummary outcome="Completed">
    <Counters total="5" executed="5" passed="5" failed="0" error="0" timeout="0" aborted="0" inconclusive="0" passedButRunAborted="0" notRunnable="0" notExecuted="0" disconnected="0" warning="0" completed="0" inProgress="0" pending="0" />
    <Output>
      <StdOut>NUnit Adapter 4.5.0.0: Test execution started&#xD;
Running all tests in C:\Users\001\source\repos\DemoQA\DemoQA\bin\Debug\net8.0\DemoQA.dll&#xD;
   NUnit3TestExecutor discovered 5 of 5 NUnit test cases using Current Discovery mode, Non-Explicit run&#xD;
Starting ChromeDriver 138.0.7204.157 (e533e98b1267baa1f1c46d666b120e64e5146aa9-refs/branch-heads/7204@{#2046}) on port 57740&#xD;
Only local connections are allowed.&#xD;
Please see https://chromedriver.chromium.org/security-considerations for suggestions on keeping ChromeDriver safe.&#xD;
ChromeDriver was started successfully on port 57740.&#xD;
Starting ChromeDriver 138.0.7204.157 (e533e98b1267baa1f1c46d666b120e64e5146aa9-refs/branch-heads/7204@{#2046}) on port 57886&#xD;
Only local connections are allowed.&#xD;
Please see https://chromedriver.chromium.org/security-considerations for suggestions on keeping ChromeDriver safe.&#xD;
ChromeDriver was started successfully on port 57886.&#xD;
Starting ChromeDriver 138.0.7204.157 (e533e98b1267baa1f1c46d666b120e64e5146aa9-refs/branch-heads/7204@{#2046}) on port 58035&#xD;
Only local connections are allowed.&#xD;
Please see https://chromedriver.chromium.org/security-considerations for suggestions on keeping ChromeDriver safe.&#xD;
ChromeDriver was started successfully on port 58035.&#xD;
Starting ChromeDriver 138.0.7204.157 (e533e98b1267baa1f1c46d666b120e64e5146aa9-refs/branch-heads/7204@{#2046}) on port 58202&#xD;
Only local connections are allowed.&#xD;
Please see https://chromedriver.chromium.org/security-considerations for suggestions on keeping ChromeDriver safe.&#xD;
ChromeDriver was started successfully on port 58202.&#xD;
Starting ChromeDriver 138.0.7204.157 (e533e98b1267baa1f1c46d666b120e64e5146aa9-refs/branch-heads/7204@{#2046}) on port 58339&#xD;
Only local connections are allowed.&#xD;
Please see https://chromedriver.chromium.org/security-considerations for suggestions on keeping ChromeDriver safe.&#xD;
ChromeDriver was started successfully on port 58339.&#xD;
NUnit Adapter 4.5.0.0: Test execution complete&#xD;
</StdOut>
    </Output>
  </ResultSummary>
</TestRun>